[Bootstrap]
SetupTitle=Install
SetupText=Copying Files, please stand by.
CabFile=Ichaweri  Management system.CAB
Spawn=Setup1.exe
Uninstal=st6unst.exe
TmpDir=msftqws.pdw
Cabs=1

[Bootstrap Files]
File1=@VB6STKIT.DLL,$(WinSysPathSysFile),,,6/18/98 12:00:00 AM,102912,6.0.81.69
File2=@COMCAT.DLL,$(WinSysPathSysFile),$(DLLSelfRegister),,5/31/98 12:00:00 AM,22288,4.71.1460.1
File3=@MSVCRT40.DLL,$(WinSysPathSysFile),,,5/31/98 12:00:00 AM,326656,4.21.0.0
File4=@stdole2.tlb,$(WinSysPathSysFile),$(TLBRegister),,7/13/09 4:43:53 PM,16896,6.1.7600.16385
File5=@asycfilt.dll,$(WinSysPathSysFile),,,4/11/19 8:37:20 PM,67584,6.1.7601.23713
File6=@olepro32.dll,$(WinSysPathSysFile),$(DLLSelfRegister),,11/20/10 8:24:03 PM,90112,6.1.7601.17514
File7=@oleaut32.dll,$(WinSysPathSysFile),$(DLLSelfRegister),,4/11/19 8:37:20 PM,583680,6.1.7601.24407
File8=@msvbvm60.dll,$(WinSysPathSysFile),$(DLLSelfRegister),,7/13/09 6:15:50 PM,1386496,6.0.98.15

[IconGroups]
Group0=Ichaweri Hotel Management
PrivateGroup0=True
Parent0=$(Programs)

[Ichaweri Hotel Management]
Icon1=""Ichaweri  Management system.exe""
Title1=Ichaweri Hotel Management
StartIn1=$(AppPath)

[Setup]
Title=Ichaweri Hotel Management
DefaultDir=$(ProgramFiles)\Project1
AppExe=Ichaweri  Management system.exe
AppToUninstall=Ichaweri  Management system.exe

[Setup1 Files]
File1=@Ichaweri.jpg,$(AppPath),,,9/26/21 5:43:52 PM,253551,0.0.0.0
File2=@Ichaweri Hotel Management System.mdb,$(AppPath),,,10/28/21 9:19:01 AM,593920,0.0.0.0
File3=@MSDBRPTR.DLL,$(WinSysPath),$(DLLSelfRegister),$(Shared),6/17/98 11:00:00 PM,299008,6.0.81.69
File4=@MSDERUN.DLL,$(CommonFiles)\designer,$(DLLSelfRegister),$(Shared),6/8/98 11:00:00 PM,137216,6.0.0.3005
File5=@MSBIND.DLL,$(WinSysPath),$(DLLSelfRegister),$(Shared),6/17/98 11:00:00 PM,77824,6.0.81.69
File6=@VB5DB.DLL,$(WinSysPath),,$(Shared),6/17/98 11:00:00 PM,89360,6.0.81.69
File7=@MSREPL35.DLL,$(WinSysPathSysFile),,,4/23/98 11:00:00 PM,407312,3.51.623.0
File8=@MSRD2X35.DLL,$(WinSysPathSysFile),$(DLLSelfRegister),,4/23/98 11:00:00 PM,252176,3.51.623.0
File9=@MSJINT35.DLL,$(WinSysPathSysFile),,,4/23/98 11:00:00 PM,123664,3.51.623.0
File10=@MSJTER35.DLL,$(WinSysPathSysFile),,,4/23/98 11:00:00 PM,24848,3.51.623.0
File11=@MSJET35.DLL,$(WinSysPathSysFile),$(DLLSelfRegister),,4/23/98 11:00:00 PM,1045776,3.51.623.4
File12=@msado20.tlb,$(WinSysPath),,$(Shared),4/11/19 8:21:12 PM,57344,6.1.7601.17857
File13=@MSADODC.OCX,$(WinSysPath),$(DLLSelfRegister),$(Shared),6/23/98 11:00:00 PM,118064,6.0.81.71
File14=@Ichaweri  Management system.exe,$(AppPath),,,10/28/21 9:12:32 AM,1605632,1.0.0.0

; The following lines may be deleted in order to obtain extra 
; space for customizing this file on a full installation diskette.
; 
; XXXXXXXXXXXXXXXXXXXXXXXXXXXXXXXXXXXXXXXXXXXXXXXXXXXXXXXXXXXX
; XXXXXXXXXXXXXXXXXXXXXXXXXXXXXXXXXXXXXXXXXXXXXXXXXXXXXXXXXXXX
; XXXXXXXXXXXXXXXXXXXXXXXXXXXXXXXXXXXXXXXXXXXXXXXXXXXXXXXXXXXX
; XXXXXXXXXXXXXXXXXXXXXXXXXXXXXXXXXXXXXXXXXXXXXXXXXXXXXXXXXXXX
; XXXXXXXXXXXXXXXXXXXXXXXXXXXXXXXXXXXXXXXXXXXXXXXXXXXXXXXXXXXX
; XXXXXXXXXXXXXXXXXXXXXXXXXXXXXXXXXXXXXXXXXXXXXXXXXXXXXXXXXXXX
; XXXXXXXXXXXXXXXXXXXXXXXXXXXXXXXXXXXXXXXXXXXXXXXXXXXXXXXXXXXX
; XXXXXXXXXXXXXXXXXXXXXXXXXXXXXXXXXXXXXXXXXXXXXXXXXXXXXXXXXXXX
; XXXXXXXXXXXXXXXXXXXXXXXXXXXXXXXXXXXXXXXXXXXXXXXXXXXXXXXXXXXX
; XXXXXXXXXXXXXXXXXXXXXXXXXXXXXXXXXXXXXXXXXXXXXXXXXXXXXXXXXXXX
; XXXXXXXXXXXXXXXXXXXXXXXXXXXXXXXXXXXXXXXXXXXXXXXXXXXXXXXXXXXX
; XXXXXXXXXXXXXXXXXXXXXXXXXXXXXXXXXXXXXXXXXXXXXXXXXXXXXXXXXXXX
; XXXXXXXXXXXXXXXXXXXXXXXXXXXXXXXXXXXXXXXXXXXXXXXXXXXXXXXXXXXX
; XXXXXXXXXXXXXXXXXXXXXXXXXXXXXXXXXXXXXXXXXXXXXXXXXXXXXXXXXXXX
; XXXXXXXXXXXXXXXXXXXXXXXXXXXXXXXXXXXXXXXXXXXXXXXXXXXXXXXXXXXX
; XXXXXXXXXXXXXXXXXXXXXXXXXXXXXXXXXXXXXXXXXXXXXXXXXXXXXXXXXXXX
; XXXXXXXXXXXXXXXXXXXXXXXXXXXXXXXXXXXXXXXXXXXXXXXXXXXXXXXXXXXX
; XXXXXXXXXXXXXXXXXXXXXXXXXXXXXXXXXXXXXXXXXXXXXXXXXXXXXXXXXXXX
; XXXXXXXXXXXXXXXXXXXXXXXXXXXXXXXXXXXXXXXXXXXXXXXXXXXXXXXXXXXX
; XXXXXXXXXXXXXXXXXXXXXXXXXXXXXXXXXXXXXXXXXXXXXXXXXXXXXXXXXXXX
; XXXXXXXXXXXXXXXXXXXXXXXXXXXXXXXXXXXXXXXXXXXXXXXXXXXXXXXXXXXX
; XXXXXXXXXXXXXXXXXXXXXXXXXXXXXXXXXXXXXXXXXXXXXXXXXXXXXXXXXXXX
; XXXXXXXXXXXXXXXXXXXXXXXXXXXXXXXXXXXXXXXXXXXXXXXXXXXXXXXXXXXX
; XXXXXXXXXXXXXXXXXXXXXXXXXXXXXXXXXXXXXXXXXXXXXXXXXXXXXXXXXXXX
; XXXXXXXXXXXXXXXXXXXXXXXXXXXXXXXXXXXXXXXXXXXXXXXXXXXXXXXXXXXX
; XXXXXXXXXXXXXXXXXXXXXXXXXXXXXXXXXXXXXXXXXXXXXXXXXXXXXXXXXXXX
; XXXXXXXXXXXXXXXXXXXXXXXXXXXXXXXXXXXXXXXXXXXXXXXXXXXXXXXXXXXX
; XXXXXXXXXXXXXXXXXXXXXXXXXXXXXXXXXXXXXXXXXXXXXXXXXXXXXXXXXXXX
; XXXXXXXXXXXXXXXXXXXXXXXXXXXXXXXXXXXXXXXXXXXXXXXXXXXXXXXXXXXX
; XXXXXXXXXXXXXXXXXXXXXXXXXXXXXXXXXXXXXXXXXXXXXXXXXXXXXXXXXXXX
; XXXXXXXXXXXXXXXXXXXXXXXXXXXXXXXXXXXXXXXXXXXXXXXXXXXXXXXXXXXX
; XXXXXXXXXXXXXXXXXXXXXXXXXXXXXXXXXXXXXXXXXXXXXXXXXXXXXXXXXXXX
; XXXXXXXXXXXXXXXXXXXXXXXXXXXXXXXXXXXXXXXXXXXXXXXXXXXXXXXXXXXX
; XXXXXXXXXXXXXXXXXXXXXXXXXXXXXXXXXXXXXXXXXXXXXXXXXXXXXXXXXXXX
; XXXXXXXXXXXXXXXXXXXXXXXXXXXXXXXXXXXXXXXXXXXXXXXXXXXXXXXXXXXX
